<?xml version="1.0" encoding="UTF-8"?>
<testsuite xmlns:xsi="http://www.w3.org/2001/XMLSchema-instance" xsi:noNamespaceSchemaLocation="https://maven.apache.org/surefire/maven-surefire-plugin/xsd/surefire-test-report.xsd" name="tn.esprit.SkiStationProject.services.CoursesServicesImplTest" time="4.007" tests="4" errors="0" skipped="0" failures="2">
  <properties>
[...]
</properties>
  <testcase name="testRetrieveAllCourses" classname="tn.esprit.SkiStationProject.services.CoursesServicesImplTest" time="0.003">
    <failure message="expected: &lt;2&gt; but was: &lt;3&gt;" type="org.opentest4j.AssertionFailedError"><![CDATA[org.opentest4j.AssertionFailedError: expected: <2> but was: <3>
	at tn.esprit.SkiStationProject.services.CoursesServicesImplTest.testRetrieveAllCourses(CoursesServicesImplTest.java:30)
]]></failure>
    <system-out><![CDATA[2023-10-25 13:27:20.809  INFO 174013 --- [           main] .b.t.c.SpringBootTestContextBootstrapper : Neither @ContextConfiguration nor @ContextHierarchy found for test class [tn.esprit.SkiStationProject.services.CoursesServicesImplTest], using SpringBootContextLoader
2023-10-25 13:27:20.810  INFO 174013 --- [           main] o.s.t.c.support.AbstractContextLoader    : Could not detect default resource locations for test class [tn.esprit.SkiStationProject.services.CoursesServicesImplTest]: no resource found for suffixes {-context.xml, Context.groovy}.
2023-10-25 13:27:20.810  INFO 174013 --- [           main] t.c.s.AnnotationConfigContextLoaderUtils : Could not detect default configuration classes for test class [tn.esprit.SkiStationProject.services.CoursesServicesImplTest]: CoursesServicesImplTest does not declare any static, non-private, non-final, nested classes annotated with @Configuration.
2023-10-25 13:27:20.818  INFO 174013 --- [           main] .b.t.c.SpringBootTestContextBootstrapper : Found @SpringBootConfiguration tn.esprit.SkiStationProject.SkiStationProjectApplication for test class tn.esprit.SkiStationProject.services.CoursesServicesImplTest
2023-10-25 13:27:20.819  INFO 174013 --- [           main] .b.t.c.SpringBootTestContextBootstrapper : Loaded default TestExecutionListener class names from location [META-INF/spring.factories]: [org.springframework.boot.test.mock.mockito.MockitoTestExecutionListener, org.springframework.boot.test.mock.mockito.ResetMocksTestExecutionListener, org.springframework.boot.test.autoconfigure.restdocs.RestDocsTestExecutionListener, org.springframework.boot.test.autoconfigure.web.client.MockRestServiceServerResetTestExecutionListener, org.springframework.boot.test.autoconfigure.web.servlet.MockMvcPrintOnlyOnFailureTestExecutionListener, org.springframework.boot.test.autoconfigure.web.servlet.WebDriverTestExecutionListener, org.springframework.boot.test.autoconfigure.webservices.client.MockWebServiceServerTestExecutionListener, org.springframework.test.context.web.ServletTestExecutionListener, org.springframework.test.context.support.DirtiesContextBeforeModesTestExecutionListener, org.springframework.test.context.event.ApplicationEventsTestExecutionListener, org.springframework.test.context.support.DependencyInjectionTestExecutionListener, org.springframework.test.context.support.DirtiesContextTestExecutionListener, org.springframework.test.context.transaction.TransactionalTestExecutionListener, org.springframework.test.context.jdbc.SqlScriptsTestExecutionListener, org.springframework.test.context.event.EventPublishingTestExecutionListener]
2023-10-25 13:27:20.821  INFO 174013 --- [           main] .b.t.c.SpringBootTestContextBootstrapper : Using TestExecutionListeners: [org.springframework.test.context.web.ServletTestExecutionListener@18876fa9, org.springframework.test.context.support.DirtiesContextBeforeModesTestExecutionListener@5a110e7d, org.springframework.test.context.event.ApplicationEventsTestExecutionListener@b3cbc0e, org.springframework.boot.test.mock.mockito.MockitoTestExecutionListener@66e27ac9, org.springframework.boot.test.autoconfigure.SpringBootDependencyInjectionTestExecutionListener@453bbb9b, org.springframework.test.context.support.DirtiesContextTestExecutionListener@170b27a7, org.springframework.test.context.transaction.TransactionalTestExecutionListener@79392584, org.springframework.test.context.jdbc.SqlScriptsTestExecutionListener@cf82c58, org.springframework.test.context.event.EventPublishingTestExecutionListener@1407b93f, org.springframework.boot.test.mock.mockito.ResetMocksTestExecutionListener@5aff8207, org.springframework.boot.test.autoconfigure.restdocs.RestDocsTestExecutionListener@6a5a99d9, org.springframework.boot.test.autoconfigure.web.client.MockRestServiceServerResetTestExecutionListener@278df226, org.springframework.boot.test.autoconfigure.web.servlet.MockMvcPrintOnlyOnFailureTestExecutionListener@eea69a9, org.springframework.boot.test.autoconfigure.web.servlet.WebDriverTestExecutionListener@28a33dc9, org.springframework.boot.test.autoconfigure.webservices.client.MockWebServiceServerTestExecutionListener@1609ed55]
2023-10-25 13:27:20.832  INFO 174013 --- [           main] t.e.S.aspects.LoggingAspects             : In method :retrieveAllCourses
Hibernate: select course0_.id as id1_0_, course0_.level as level2_0_, course0_.price as price3_0_, course0_.support as support4_0_, course0_.time_slot as time_slo5_0_, course0_.type_course as type_cou6_0_ from course course0_
2023-10-25 13:27:20.885  INFO 174013 --- [           main] t.e.S.aspects.LoggingAspects             : Out of method :retrieveAllCourses
]]></system-out>
  </testcase>
  <testcase name="testAddCourse" classname="tn.esprit.SkiStationProject.services.CoursesServicesImplTest" time="0.002"/>
  <testcase name="testUpdateCourse" classname="tn.esprit.SkiStationProject.services.CoursesServicesImplTest" time="3.98">
    <failure message="expected: &lt;tn.esprit.SkiStationProject.entities.Course@34d6e9a4&gt; but was: &lt;tn.esprit.SkiStationProject.entities.Course@9423344&gt;" type="org.opentest4j.AssertionFailedError"><![CDATA[org.opentest4j.AssertionFailedError: expected: <tn.esprit.SkiStationProject.entities.Course@34d6e9a4> but was: <tn.esprit.SkiStationProject.entities.Course@9423344>
	at tn.esprit.SkiStationProject.services.CoursesServicesImplTest.testUpdateCourse(CoursesServicesImplTest.java:55)
]]></failure>
    <system-out><![CDATA[2023-10-25 13:27:22.096  INFO 174013 --- [           main] t.e.S.aspects.LoggingAspects             : In method :retrieveCourse
Hibernate: select course0_.id as id1_0_0_, course0_.level as level2_0_0_, course0_.price as price3_0_0_, course0_.support as support4_0_0_, course0_.time_slot as time_slo5_0_0_, course0_.type_course as type_cou6_0_0_ from course course0_ where course0_.id=?
2023-10-25 13:27:22.107  INFO 174013 --- [           main] t.e.S.aspects.LoggingAspects             : Out of method :retrieveCourse
2023-10-25 13:27:22.108  INFO 174013 --- [           main] t.e.S.aspects.LoggingAspects             : In method :updateCourse
Hibernate: select course0_.id as id1_0_0_, course0_.level as level2_0_0_, course0_.price as price3_0_0_, course0_.support as support4_0_0_, course0_.time_slot as time_slo5_0_0_, course0_.type_course as type_cou6_0_0_ from course course0_ where course0_.id=?
2023-10-25 13:27:22.122  INFO 174013 --- [           main] t.e.S.aspects.LoggingAspects             : Out of method :updateCourse
]]></system-out>
  </testcase>
  <testcase name="testRetrieveCourse" classname="tn.esprit.SkiStationProject.services.CoursesServicesImplTest" time="0.006"/>
</testsuite>